J:\COCOS2DX\COCOS2D-2.0-X-2.0.4\DEBUG.WIN32\PROMPADROID.WIN32.EXE
J:\COCOS2DX\COCOS2D-2.0-X-2.0.4\DEBUG.WIN32\PROMPADROID.WIN32.ILK
J:\COCOS2DX\COCOS2D-2.0-X-2.0.4\DEBUG.WIN32\PROMPADROID.WIN32.PDB
J:\COCOS2DX\COCOS2D-2.0-X-2.0.4\WALKTEST\PROMPADROID\PROJ.WIN32\DEBUG.WIN32\ACTIONSPRITE.OBJ
J:\COCOS2DX\COCOS2D-2.0-X-2.0.4\WALKTEST\PROMPADROID\PROJ.WIN32\DEBUG.WIN32\APPDELEGATE.OBJ
J:\cocos2dx\cocos2d-2.0-x-2.0.4\WalkTest\PrompaDroid\proj.win32\Debug.win32\cl.command.1.tlog
J:\cocos2dx\cocos2d-2.0-x-2.0.4\WalkTest\PrompaDroid\proj.win32\Debug.win32\CL.read.1.tlog
J:\cocos2dx\cocos2d-2.0-x-2.0.4\WalkTest\PrompaDroid\proj.win32\Debug.win32\CL.write.1.tlog
J:\COCOS2DX\COCOS2D-2.0-X-2.0.4\WALKTEST\PROMPADROID\PROJ.WIN32\DEBUG.WIN32\GAMELAYER.OBJ
J:\COCOS2DX\COCOS2D-2.0-X-2.0.4\WALKTEST\PROMPADROID\PROJ.WIN32\DEBUG.WIN32\GAMESCENE.OBJ
J:\COCOS2DX\COCOS2D-2.0-X-2.0.4\WALKTEST\PROMPADROID\PROJ.WIN32\DEBUG.WIN32\HERO.OBJ
J:\COCOS2DX\COCOS2D-2.0-X-2.0.4\WALKTEST\PROMPADROID\PROJ.WIN32\DEBUG.WIN32\HUDLAYER.OBJ
J:\cocos2dx\cocos2d-2.0-x-2.0.4\WalkTest\PrompaDroid\proj.win32\Debug.win32\link.command.1.tlog
J:\cocos2dx\cocos2d-2.0-x-2.0.4\WalkTest\PrompaDroid\proj.win32\Debug.win32\link.read.1.tlog
J:\cocos2dx\cocos2d-2.0-x-2.0.4\WalkTest\PrompaDroid\proj.win32\Debug.win32\link.write.1.tlog
J:\cocos2dx\cocos2d-2.0-x-2.0.4\WalkTest\PrompaDroid\proj.win32\Debug.win32\link-cvtres.read.1.tlog
J:\cocos2dx\cocos2d-2.0-x-2.0.4\WalkTest\PrompaDroid\proj.win32\Debug.win32\link-cvtres.write.1.tlog
J:\COCOS2DX\COCOS2D-2.0-X-2.0.4\WALKTEST\PROMPADROID\PROJ.WIN32\DEBUG.WIN32\MAIN.OBJ
J:\cocos2dx\cocos2d-2.0-x-2.0.4\WalkTest\PrompaDroid\proj.win32\Debug.win32\mt.command.1.tlog
J:\cocos2dx\cocos2d-2.0-x-2.0.4\WalkTest\PrompaDroid\proj.win32\Debug.win32\mt.read.1.tlog
J:\cocos2dx\cocos2d-2.0-x-2.0.4\WalkTest\PrompaDroid\proj.win32\Debug.win32\mt.write.1.tlog
J:\COCOS2DX\COCOS2D-2.0-X-2.0.4\WALKTEST\PROMPADROID\PROJ.WIN32\DEBUG.WIN32\PROMPADROID.RES
J:\COCOS2DX\COCOS2D-2.0-X-2.0.4\WALKTEST\PROMPADROID\PROJ.WIN32\DEBUG.WIN32\PROMPADROID.WIN32.EXE.EMBED.MANIFEST
J:\COCOS2DX\COCOS2D-2.0-X-2.0.4\WALKTEST\PROMPADROID\PROJ.WIN32\DEBUG.WIN32\PROMPADROID.WIN32.EXE.EMBED.MANIFEST.RES
J:\COCOS2DX\COCOS2D-2.0-X-2.0.4\WALKTEST\PROMPADROID\PROJ.WIN32\DEBUG.WIN32\PROMPADROID.WIN32.EXE.INTERMEDIATE.MANIFEST
J:\cocos2dx\cocos2d-2.0-x-2.0.4\WalkTest\PrompaDroid\proj.win32\Debug.win32\PrompaDroid.win32_manifest.rc
J:\cocos2dx\cocos2d-2.0-x-2.0.4\WalkTest\PrompaDroid\proj.win32\Debug.win32\rc.command.1.tlog
J:\cocos2dx\cocos2d-2.0-x-2.0.4\WalkTest\PrompaDroid\proj.win32\Debug.win32\rc.read.1.tlog
J:\cocos2dx\cocos2d-2.0-x-2.0.4\WalkTest\PrompaDroid\proj.win32\Debug.win32\rc.write.1.tlog
J:\COCOS2DX\COCOS2D-2.0-X-2.0.4\WALKTEST\PROMPADROID\PROJ.WIN32\DEBUG.WIN32\ROBOT.OBJ
J:\COCOS2DX\COCOS2D-2.0-X-2.0.4\WALKTEST\PROMPADROID\PROJ.WIN32\DEBUG.WIN32\SNEAKYBUTTON.OBJ
J:\COCOS2DX\COCOS2D-2.0-X-2.0.4\WALKTEST\PROMPADROID\PROJ.WIN32\DEBUG.WIN32\SNEAKYBUTTONSKINNEDBASE.OBJ
J:\COCOS2DX\COCOS2D-2.0-X-2.0.4\WALKTEST\PROMPADROID\PROJ.WIN32\DEBUG.WIN32\SNEAKYJOYSTICK.OBJ
J:\COCOS2DX\COCOS2D-2.0-X-2.0.4\WALKTEST\PROMPADROID\PROJ.WIN32\DEBUG.WIN32\SNEAKYJOYSTICKSKINNEDBASE.OBJ
J:\cocos2dx\cocos2d-2.0-x-2.0.4\WalkTest\PrompaDroid\proj.win32\Debug.win32\vc100.idb
J:\COCOS2DX\COCOS2D-2.0-X-2.0.4\WALKTEST\PROMPADROID\PROJ.WIN32\DEBUG.WIN32\VC100.PDB
