生成启动时间为 2013/3/11 19:07:50。
     1>项目“J:\cocos2dx\cocos2d-2.0-x-2.0.4\PrompaDroid\proj.win32\PrompaDroid.win32.vcxproj”在节点 2 上(build 个目标)。
     1>InitializeBuildStatus:
         正在创建“Debug.win32\PrompaDroid.win32.unsuccessfulbuild”，因为已指定“AlwaysCreate”。
       ClCompile:
         D:\Program Files\Microsoft Visual Studio 10.0\VC\bin\CL.exe /c /I. /I..\Classes /I"J:\cocos2dx\cocos2d-2.0-x-2.0.4\cocos2dx" /I"J:\cocos2dx\cocos2d-2.0-x-2.0.4\cocos2dx\include" /I"J:\cocos2dx\cocos2d-2.0-x-2.0.4\cocos2dx\kazmath\include" /I"J:\cocos2dx\cocos2d-2.0-x-2.0.4\cocos2dx\platform\win32" /I"J:\cocos2dx\cocos2d-2.0-x-2.0.4\cocos2dx\platform\third_party\win32" /I"J:\cocos2dx\cocos2d-2.0-x-2.0.4\cocos2dx\platform\third_party\win32\OGLES" /I"J:\cocos2dx\cocos2d-2.0-x-2.0.4\CocosDenshion\include" /ZI /nologo /W3 /WX- /Od /Oy- /D WIN32 /D _WINDOWS /D STRICT /D _CRT_SECURE_NO_WARNINGS /D _SCL_SECURE_NO_WARNINGS_DEBUG /D COCOS2D_DEBUG=1 /D _UNICODE /D UNICODE /Gm /EHsc /RTC1 /MDd /GS /fp:precise /Zc:wchar_t /Zc:forScope /Fo"Debug.win32\\" /Fd"Debug.win32\vc100.pdb" /Gd /TP /wd4267 /wd4251 /wd4244 /analyze- /errorReport:prompt ..\Classes\Sneaky\SneakyButton.cpp ..\Classes\Sneaky\SneakyJoystick.cpp
         SneakyJoystick.cpp
         SneakyButton.cpp
         正在生成代码...
       ResourceCompile:
         所有输出均为最新。
       ManifestResourceCompile:
         所有输出均为最新。
       Link:
         D:\Program Files\Microsoft Visual Studio 10.0\VC\bin\link.exe /ERRORREPORT:PROMPT /OUT:"J:\cocos2dx\cocos2d-2.0-x-2.0.4\Debug.win32\PrompaDroid.win32.exe" /INCREMENTAL /NOLOGO /LIBPATH:"J:\cocos2dx\cocos2d-2.0-x-2.0.4\Debug.win32\\" libcocos2d.lib libExtensions.lib opengl32.lib glew32.lib libCocosDenshion.lib kernel32.lib user32.lib gdi32.lib winspool.lib comdlg32.lib advapi32.lib shell32.lib ole32.lib oleaut32.lib uuid.lib odbc32.lib odbccp32.lib /MANIFEST /ManifestFile:"Debug.win32\PrompaDroid.win32.exe.intermediate.manifest" /MANIFESTUAC:"level='asInvoker' uiAccess='false'" /DEBUG /PDB:"J:\cocos2dx\cocos2d-2.0-x-2.0.4\Debug.win32\PrompaDroid.win32.pdb" /SUBSYSTEM:WINDOWS /TLBID:1 /DYNAMICBASE /NXCOMPAT /IMPLIB:"J:\cocos2dx\cocos2d-2.0-x-2.0.4\Debug.win32\PrompaDroid.win32.lib" /MACHINE:X86 Debug.win32\PrompaDroid.res
         Debug.win32\PrompaDroid.win32.exe.embed.manifest.res
         Debug.win32\ActionSprite.obj
         Debug.win32\AppDelegate.obj
         Debug.win32\GameLayer.obj
         Debug.win32\GameScene.obj
         Debug.win32\Hero.obj
         Debug.win32\HudLayer.obj
         Debug.win32\Robot.obj
         Debug.win32\SneakyButton.obj
         Debug.win32\SneakyButtonSkinnedBase.obj
         Debug.win32\SneakyJoystick.obj
         Debug.win32\SneakyJoystickSkinnedBase.obj
         Debug.win32\main.obj
       Manifest:
         C:\Program Files\Microsoft SDKs\Windows\v7.0A\bin\mt.exe /nologo /verbose /out:"Debug.win32\PrompaDroid.win32.exe.embed.manifest" /manifest Debug.win32\PrompaDroid.win32.exe.intermediate.manifest
         所有输出均为最新。
       LinkEmbedManifest:
         所有输出均为最新。
         PrompaDroid.win32.vcxproj -> J:\cocos2dx\cocos2d-2.0-x-2.0.4\Debug.win32\PrompaDroid.win32.exe
       FinalizeBuildStatus:
         正在删除文件“Debug.win32\PrompaDroid.win32.unsuccessfulbuild”。
         正在对“Debug.win32\PrompaDroid.win32.lastbuildstate”执行 Touch 任务。
     1>已完成生成项目“J:\cocos2dx\cocos2d-2.0-x-2.0.4\PrompaDroid\proj.win32\PrompaDroid.win32.vcxproj”(build 个目标)的操作。

生成成功。

已用时间 00:00:06.57
